[     438ms] [INFO] %cDownload the React DevTools for a better development experience: https://react.dev/link/react-devtools font-weight:bold @ http://localhost:3000/_next/static/chunks/0fccc_next_dist_9887db5f._.js:2297
[     504ms] [LOG] %c%s%c 
[35m
[Clerk]:[0m You are running in keyless mode.
You can [35mclaim your keys[0m by visiting https://dashboard.clerk.com/apps/claim?token=6kz5d1jjljya0zoevpvl99vg2zj3370b8bmh015v&return_url=http%3A%2F%2Flocalhost%3A3000%2F
 background: #e6e6e6;background: light-dark(rgba(0,0,0,0.1), rgba(255,255,255,0.25));color: #000000;color: light-dark(#000000, #ffffff);border-radius: 2px  Server   @ http://localhost:3000/_next/static/chunks/0fccc_next_dist_9887db5f._.js:2297
[     531ms] [LOG] [HMR] connected @ http://localhost:3000/_next/static/chunks/0fccc_next_dist_9887db5f._.js:2297
[     652ms] [WARNING] Clerk: Clerk has been loaded with development keys. Development instances have strict usage limits and should not be used when deploying your application to production. Learn more: https://clerk.com/docs/deployments/overview @ http://localhost:3000/_next/static/chunks/0fccc_next_dist_9887db5f._.js:2297
[     670ms] [LOG] [Fast Refresh] rebuilding @ http://localhost:3000/_next/static/chunks/0fccc_next_dist_9887db5f._.js:2297
[     692ms] [LOG] [PWA] Service worker registered @ http://localhost:3000/_next/static/chunks/0fccc_next_dist_9887db5f._.js:2297
[     693ms] [LOG] [PWA] Service worker registered @ http://localhost:3000/_next/static/chunks/0fccc_next_dist_9887db5f._.js:2297
[    1677ms] [ERROR] Access to fetch at 'https://emerging-mosquito-79.accounts.dev/sign-in?redirect_url=http%3A%2F%2Flocalhost%3A3000%2Flists&__clerk_db_jwt=dvb_3CYdBvTZvaOg8jmLjfwfX6DPM2R' (redirected from 'http://localhost:3000/clerk-sync-keyless?returnUrl=http://localhost:3000/lists&_rsc=ebyh2') from origin 'http://localhost:3000' has been blocked by CORS policy: Response to preflight request doesn't pass access control check: No 'Access-Control-Allow-Origin' header is present on the requested resource. @ http://localhost:3000/lists:0
[    1678ms] [ERROR] Failed to load resource: net::ERR_FAILED @ https://emerging-mosquito-79.accounts.dev/sign-in?redirect_url=http%3A%2F%2Flocalhost%3A3000%2Flists&__clerk_db_jwt=dvb_3CYdBvTZvaOg8jmLjfwfX6DPM2R:0
[    1678ms] [ERROR] Failed to fetch RSC payload for http://localhost:3000/clerk-sync-keyless?returnUrl=http://localhost:3000/lists. Falling back to browser navigation. TypeError: Failed to fetch
    at createFetch (http://localhost:3000/_next/static/chunks/0fccc_next_dist_client_c8e76090._.js:2588:24)
    at fetchServerResponse (http://localhost:3000/_next/static/chunks/0fccc_next_dist_client_c8e76090._.js:2490:27)
    at navigateDynamicallyWithNoPrefetch (http://localhost:3000/_next/static/chunks/0fccc_next_dist_client_c8e76090._.js:7943:90)
    at navigate (http://localhost:3000/_next/static/chunks/0fccc_next_dist_client_c8e76090._.js:7728:15)
    at navigateReducer (http://localhost:3000/_next/static/chunks/0fccc_next_dist_client_c8e76090._.js:8239:45)
    at clientReducer (http://localhost:3000/_next/static/chunks/0fccc_next_dist_client_c8e76090._.js:9065:61)
    at Object.action (http://localhost:3000/_next/static/chunks/0fccc_next_dist_client_c8e76090._.js:9310:55)
    at runAction (http://localhost:3000/_next/static/chunks/0fccc_next_dist_client_c8e76090._.js:9215:38)
    at dispatchAction (http://localhost:3000/_next/static/chunks/0fccc_next_dist_client_c8e76090._.js:9278:9)
    at Object.dispatch (http://localhost:3000/_next/static/chunks/0fccc_next_dist_client_c8e76090._.js:9308:40)
    at http://localhost:3000/_next/static/chunks/0fccc_next_dist_client_c8e76090._.js:1489:29
    at startTransition (http://localhost:3000/_next/static/chunks/0fccc_next_dist_compiled_react-dom_eae04cf2._.js:5500:31)
    at dispatch (http://localhost:3000/_next/static/chunks/0fccc_next_dist_client_c8e76090._.js:1488:13)
    at dispatchAppRouterAction (http://localhost:3000/_next/static/chunks/0fccc_next_dist_client_c8e76090._.js:1470:5)
    at dispatchNavigateAction (http://localhost:3000/_next/static/chunks/0fccc_next_dist_client_c8e76090._.js:9362:49)
    at http://localhost:3000/_next/static/chunks/0fccc_next_dist_client_c8e76090._.js:9419:13
    at startTransition (http://localhost:3000/_next/static/chunks/0fccc_next_dist_compiled_e7d347b7._.js:1279:31)
    at Object.replace (http://localhost:3000/_next/static/chunks/0fccc_next_dist_client_c8e76090._.js:9418:36)
    at handleUnhandledRedirect (http://localhost:3000/_next/static/chunks/0fccc_next_dist_client_c8e76090._.js:11976:64) @ http://localhost:3000/_next/static/chunks/0fccc_next_dist_9887db5f._.js:3127
[    1867ms] [ERROR]  Note that 'script-src' was not explicitly set, so 'default-src' is used as a fallback. @ https://emerging-mosquito-79.accounts.dev/_next/static/chunks/pages/_app-13003940b2d2c99f.js:18
[    2097ms] [WARNING] Clerk: Clerk has been loaded with development keys. Development instances have strict usage limits and should not be used when deploying your application to production. Learn more: https://clerk.com/docs/deployments/overview @ https://emerging-mosquito-79.accounts.dev/_next/static/chunks/pages/_app-13003940b2d2c99f.js:14
[    2345ms] [WARNING] Clerk: Structural CSS detected that may break on updates.

Found:
  - CSS "body.cl-component"
  - CSS ".cl-component .button:focus-visible"

These selectors depend on the internal DOM structure of Clerk's components, which may change when Clerk deploys component updates.
To prevent breaking changes, install @clerk/ui and pass it to ClerkProvider:

  import { ui } from '@clerk/ui'
  <ClerkProvider ui={ui}>

Learn more: https://clerk.com/docs/reference/components/versioning
(code=structural_css_pin_clerk_ui) @ https://emerging-mosquito-79.accounts.dev/_next/static/chunks/pages/_app-13003940b2d2c99f.js:14
[    2525ms] [VERBOSE] [DOM] Input elements should have autocomplete attributes (suggested: "current-password"): (More info: https://goo.gl/9p2vKq) %o @ https://emerging-mosquito-79.accounts.dev/sign-in?redirect_url=http%3A%2F%2Flocalhost%3A3000%2Flists:0
